<?xml version="1.0" encoding="UTF-8"?>
<!-- Generated by org.testng.reporters.JUnitReportReporter -->
<testsuite hostname="NODE990" name="runner.TestRunner" tests="1" failures="0" timestamp="22 Nov 2021 07:48:07 GMT" time="293.360" errors="0">
  <testcase name="feature" time="293.360" classname="runner.TestRunner"/>
</testsuite> <!-- runner.TestRunner -->
